[2022-06-18T09:33:56.383Z] Log level: Info
[2022-06-18T09:33:56.385Z] [info] Validating found git in: git
[2022-06-18T09:33:56.456Z] [info] Using git 2.25.1 from git
[2022-06-18T09:33:56.520Z] > git rev-parse --show-toplevel [26ms]
[2022-06-18T09:33:56.583Z] > git rev-parse --git-dir --git-common-dir [31ms]
[2022-06-18T09:33:56.588Z] [info] Open repository: /home/peijen
[2022-06-18T09:33:57.075Z] > git status -z -uall [457ms]
[2022-06-18T09:33:57.110Z] > git symbolic-ref --short HEAD [7ms]
[2022-06-18T09:33:57.181Z] > git for-each-ref --format=%(refname)%00%(upstream:short)%00%(objectname)%00%(upstream:track)%00%(upstream:remotename)%00%(upstream:remoteref) refs/heads/main refs/remotes/main [35ms]
[2022-06-18T09:33:57.244Z] > git check-ignore -v -z --stdin [67ms]
[2022-06-18T09:33:57.245Z] > git for-each-ref --sort -committerdate --format %(refname) %(objectname) %(*objectname) [32ms]
[2022-06-18T09:33:57.249Z] > git remote --verbose [7ms]
[2022-06-18T09:33:57.318Z] > git config --get commit.template [10ms]
[2022-06-18T09:33:59.443Z] > git status -z -uall [338ms]
[2022-06-18T09:33:59.476Z] > git symbolic-ref --short HEAD [6ms]
[2022-06-18T09:33:59.513Z] > git for-each-ref --format=%(refname)%00%(upstream:short)%00%(objectname)%00%(upstream:track)%00%(upstream:remotename)%00%(upstream:remoteref) refs/heads/main refs/remotes/main [10ms]
[2022-06-18T09:33:59.566Z] > git for-each-ref --sort -committerdate --format %(refname) %(objectname) %(*objectname) [26ms]
[2022-06-18T09:33:59.570Z] > git remote --verbose [5ms]
[2022-06-18T09:33:59.626Z] > git config --get commit.template [5ms]
[2022-06-18T09:34:04.996Z] > git status -z -uall [338ms]
[2022-06-18T09:34:05.031Z] > git symbolic-ref --short HEAD [7ms]
[2022-06-18T09:34:05.069Z] > git for-each-ref --format=%(refname)%00%(upstream:short)%00%(objectname)%00%(upstream:track)%00%(upstream:remotename)%00%(upstream:remoteref) refs/heads/main refs/remotes/main [11ms]
[2022-06-18T09:34:05.128Z] > git for-each-ref --sort -committerdate --format %(refname) %(objectname) %(*objectname) [32ms]
[2022-06-18T09:34:05.134Z] > git remote --verbose [7ms]
[2022-06-18T09:34:05.203Z] > git config --get commit.template [6ms]
[2022-06-18T09:34:09.160Z] > git show --textconv :project.cpp [33ms]
[2022-06-18T09:34:09.165Z] > git ls-files --stage -- /home/peijen/project.cpp [6ms]
[2022-06-18T09:34:09.328Z] > git check-ignore -v -z --stdin [7ms]
[2022-06-18T09:34:10.572Z] > git status -z -uall [340ms]
[2022-06-18T09:34:10.605Z] > git symbolic-ref --short HEAD [7ms]
[2022-06-18T09:34:10.642Z] > git for-each-ref --format=%(refname)%00%(upstream:short)%00%(objectname)%00%(upstream:track)%00%(upstream:remotename)%00%(upstream:remoteref) refs/heads/main refs/remotes/main [11ms]
[2022-06-18T09:34:10.699Z] > git for-each-ref --sort -committerdate --format %(refname) %(objectname) %(*objectname) [32ms]
[2022-06-18T09:34:10.705Z] > git remote --verbose [7ms]
[2022-06-18T09:34:10.759Z] > git config --get commit.template [7ms]
[2022-06-18T09:34:16.144Z] > git status -z -uall [354ms]
[2022-06-18T09:34:16.179Z] > git symbolic-ref --short HEAD [7ms]
[2022-06-18T09:34:16.219Z] > git for-each-ref --format=%(refname)%00%(upstream:short)%00%(objectname)%00%(upstream:track)%00%(upstream:remotename)%00%(upstream:remoteref) refs/heads/main refs/remotes/main [11ms]
[2022-06-18T09:34:16.280Z] > git for-each-ref --sort -committerdate --format %(refname) %(objectname) %(*objectname) [33ms]
[2022-06-18T09:34:16.285Z] > git remote --verbose [6ms]
[2022-06-18T09:34:16.352Z] > git config --get commit.template [5ms]
[2022-06-18T09:34:21.734Z] > git status -z -uall [350ms]
[2022-06-18T09:34:21.769Z] > git symbolic-ref --short HEAD [7ms]
[2022-06-18T09:34:21.808Z] > git for-each-ref --format=%(refname)%00%(upstream:short)%00%(objectname)%00%(upstream:track)%00%(upstream:remotename)%00%(upstream:remoteref) refs/heads/main refs/remotes/main [11ms]
[2022-06-18T09:34:21.870Z] > git for-each-ref --sort -committerdate --format %(refname) %(objectname) %(*objectname) [34ms]
[2022-06-18T09:34:21.872Z] > git remote --verbose [6ms]
[2022-06-18T09:34:21.937Z] > git config --get commit.template [12ms]
[2022-06-18T09:34:27.306Z] > git status -z -uall [339ms]
[2022-06-18T09:34:27.341Z] > git symbolic-ref --short HEAD [8ms]
[2022-06-18T09:34:27.381Z] > git for-each-ref --format=%(refname)%00%(upstream:short)%00%(objectname)%00%(upstream:track)%00%(upstream:remotename)%00%(upstream:remoteref) refs/heads/main refs/remotes/main [11ms]
[2022-06-18T09:34:27.443Z] > git for-each-ref --sort -committerdate --format %(refname) %(objectname) %(*objectname) [34ms]
[2022-06-18T09:34:27.447Z] > git remote --verbose [6ms]
[2022-06-18T09:34:27.499Z] > git config --get commit.template [6ms]
[2022-06-18T09:34:31.686Z] > git ls-files --stage -- /home/peijen/project.cpp [6ms]
[2022-06-18T09:34:31.729Z] > git show --textconv :project.cpp [6ms]
[2022-06-18T09:34:32.878Z] > git status -z -uall [347ms]
[2022-06-18T09:34:32.914Z] > git symbolic-ref --short HEAD [6ms]
[2022-06-18T09:34:32.953Z] > git for-each-ref --format=%(refname)%00%(upstream:short)%00%(objectname)%00%(upstream:track)%00%(upstream:remotename)%00%(upstream:remoteref) refs/heads/main refs/remotes/main [10ms]
[2022-06-18T09:34:33.014Z] > git for-each-ref --sort -committerdate --format %(refname) %(objectname) %(*objectname) [34ms]
[2022-06-18T09:34:33.018Z] > git remote --verbose [6ms]
[2022-06-18T09:34:33.075Z] > git config --get commit.template [5ms]
[2022-06-18T09:34:38.444Z] > git status -z -uall [335ms]
[2022-06-18T09:34:38.479Z] > git symbolic-ref --short HEAD [8ms]
[2022-06-18T09:34:38.517Z] > git for-each-ref --format=%(refname)%00%(upstream:short)%00%(objectname)%00%(upstream:track)%00%(upstream:remotename)%00%(upstream:remoteref) refs/heads/main refs/remotes/main [12ms]
[2022-06-18T09:34:38.580Z] > git for-each-ref --sort -committerdate --format %(refname) %(objectname) %(*objectname) [37ms]
[2022-06-18T09:34:38.585Z] > git remote --verbose [7ms]
[2022-06-18T09:34:38.635Z] > git config --get commit.template [5ms]
[2022-06-18T09:34:44.002Z] > git status -z -uall [336ms]
[2022-06-18T09:34:44.037Z] > git symbolic-ref --short HEAD [6ms]
[2022-06-18T09:34:44.075Z] > git for-each-ref --format=%(refname)%00%(upstream:short)%00%(objectname)%00%(upstream:track)%00%(upstream:remotename)%00%(upstream:remoteref) refs/heads/main refs/remotes/main [10ms]
[2022-06-18T09:34:44.134Z] > git for-each-ref --sort -committerdate --format %(refname) %(objectname) %(*objectname) [31ms]
[2022-06-18T09:34:44.139Z] > git remote --verbose [6ms]
[2022-06-18T09:34:44.209Z] > git config --get commit.template [20ms]
[2022-06-18T09:34:46.739Z] > git ls-files --stage -- /home/peijen/project.cpp [6ms]
[2022-06-18T09:34:46.775Z] > git cat-file -s ba0db803765cca6bb9e19784d256e1cf092ef1c6 [9ms]
[2022-06-18T09:34:46.819Z] > git show --textconv :project.cpp [10ms]
[2022-06-18T09:34:49.589Z] > git status -z -uall [344ms]
[2022-06-18T09:34:49.624Z] > git symbolic-ref --short HEAD [7ms]
[2022-06-18T09:34:49.662Z] > git for-each-ref --format=%(refname)%00%(upstream:short)%00%(objectname)%00%(upstream:track)%00%(upstream:remotename)%00%(upstream:remoteref) refs/heads/main refs/remotes/main [12ms]
[2022-06-18T09:34:49.724Z] > git for-each-ref --sort -committerdate --format %(refname) %(objectname) %(*objectname) [35ms]
[2022-06-18T09:34:49.728Z] > git remote --verbose [6ms]
[2022-06-18T09:34:49.780Z] > git config --get commit.template [6ms]
[2022-06-18T09:34:55.162Z] > git status -z -uall [340ms]
[2022-06-18T09:34:55.200Z] > git symbolic-ref --short HEAD [8ms]
[2022-06-18T09:34:55.246Z] > git for-each-ref --format=%(refname)%00%(upstream:short)%00%(objectname)%00%(upstream:track)%00%(upstream:remotename)%00%(upstream:remoteref) refs/heads/main refs/remotes/main [11ms]
[2022-06-18T09:34:55.305Z] > git for-each-ref --sort -committerdate --format %(refname) %(objectname) %(*objectname) [31ms]
[2022-06-18T09:34:55.311Z] > git remote --verbose [7ms]
[2022-06-18T09:34:55.368Z] > git config --get commit.template [6ms]
[2022-06-18T09:35:00.736Z] > git status -z -uall [336ms]
[2022-06-18T09:35:00.771Z] > git symbolic-ref --short HEAD [7ms]
[2022-06-18T09:35:00.810Z] > git for-each-ref --format=%(refname)%00%(upstream:short)%00%(objectname)%00%(upstream:track)%00%(upstream:remotename)%00%(upstream:remoteref) refs/heads/main refs/remotes/main [12ms]
[2022-06-18T09:35:00.869Z] > git for-each-ref --sort -committerdate --format %(refname) %(objectname) %(*objectname) [32ms]
[2022-06-18T09:35:00.873Z] > git remote --verbose [5ms]
[2022-06-18T09:35:00.925Z] > git config --get commit.template [5ms]
[2022-06-18T09:35:06.289Z] > git status -z -uall [334ms]
[2022-06-18T09:35:06.324Z] > git symbolic-ref --short HEAD [7ms]
[2022-06-18T09:35:06.364Z] > git for-each-ref --format=%(refname)%00%(upstream:short)%00%(objectname)%00%(upstream:track)%00%(upstream:remotename)%00%(upstream:remoteref) refs/heads/main refs/remotes/main [12ms]
[2022-06-18T09:35:06.424Z] > git for-each-ref --sort -committerdate --format %(refname) %(objectname) %(*objectname) [33ms]
[2022-06-18T09:35:06.429Z] > git remote --verbose [6ms]
[2022-06-18T09:35:06.485Z] > git config --get commit.template [7ms]
[2022-06-18T09:35:11.857Z] > git status -z -uall [339ms]
[2022-06-18T09:35:11.891Z] > git symbolic-ref --short HEAD [7ms]
[2022-06-18T09:35:11.930Z] > git for-each-ref --format=%(refname)%00%(upstream:short)%00%(objectname)%00%(upstream:track)%00%(upstream:remotename)%00%(upstream:remoteref) refs/heads/main refs/remotes/main [12ms]
[2022-06-18T09:35:11.989Z] > git for-each-ref --sort -committerdate --format %(refname) %(objectname) %(*objectname) [32ms]
[2022-06-18T09:35:11.995Z] > git remote --verbose [7ms]
[2022-06-18T09:35:12.045Z] > git config --get commit.template [7ms]
[2022-06-18T09:35:17.421Z] > git status -z -uall [344ms]
[2022-06-18T09:35:17.459Z] > git symbolic-ref --short HEAD [10ms]
[2022-06-18T09:35:17.502Z] > git for-each-ref --format=%(refname)%00%(upstream:short)%00%(objectname)%00%(upstream:track)%00%(upstream:remotename)%00%(upstream:remoteref) refs/heads/main refs/remotes/main [11ms]
[2022-06-18T09:35:17.562Z] > git for-each-ref --sort -committerdate --format %(refname) %(objectname) %(*objectname) [31ms]
[2022-06-18T09:35:17.571Z] > git remote --verbose [10ms]
[2022-06-18T09:35:17.642Z] > git config --get commit.template [6ms]
[2022-06-18T09:35:23.016Z] > git status -z -uall [342ms]
[2022-06-18T09:35:23.054Z] > git symbolic-ref --short HEAD [6ms]
[2022-06-18T09:35:23.110Z] > git for-each-ref --format=%(refname)%00%(upstream:short)%00%(objectname)%00%(upstream:track)%00%(upstream:remotename)%00%(upstream:remoteref) refs/heads/main refs/remotes/main [20ms]
[2022-06-18T09:35:23.168Z] > git for-each-ref --sort -committerdate --format %(refname) %(objectname) %(*objectname) [29ms]
[2022-06-18T09:35:23.173Z] > git remote --verbose [6ms]
[2022-06-18T09:35:23.225Z] > git config --get commit.template [7ms]
[2022-06-18T09:35:24.337Z] > git ls-files --stage -- /home/peijen/project.cpp [7ms]
[2022-06-18T09:35:24.373Z] > git cat-file -s ba0db803765cca6bb9e19784d256e1cf092ef1c6 [8ms]
[2022-06-18T09:35:24.429Z] > git show --textconv :project.cpp [19ms]
[2022-06-18T09:35:28.590Z] > git status -z -uall [334ms]
[2022-06-18T09:35:28.624Z] > git symbolic-ref --short HEAD [7ms]
[2022-06-18T09:35:28.666Z] > git for-each-ref --format=%(refname)%00%(upstream:short)%00%(objectname)%00%(upstream:track)%00%(upstream:remotename)%00%(upstream:remoteref) refs/heads/main refs/remotes/main [15ms]
[2022-06-18T09:35:28.724Z] > git for-each-ref --sort -committerdate --format %(refname) %(objectname) %(*objectname) [31ms]
[2022-06-18T09:35:28.729Z] > git remote --verbose [6ms]
[2022-06-18T09:35:28.780Z] > git config --get commit.template [5ms]
[2022-06-18T09:35:32.036Z] > git ls-files --stage -- /home/peijen/project.cpp [7ms]
[2022-06-18T09:35:32.073Z] > git cat-file -s ba0db803765cca6bb9e19784d256e1cf092ef1c6 [9ms]
[2022-06-18T09:35:32.124Z] > git show --textconv :project.cpp [16ms]
[2022-06-18T09:36:13.271Z] > git status -z -uall [378ms]
[2022-06-18T09:36:13.306Z] > git symbolic-ref --short HEAD [7ms]
[2022-06-18T09:36:13.347Z] > git for-each-ref --format=%(refname)%00%(upstream:short)%00%(objectname)%00%(upstream:track)%00%(upstream:remotename)%00%(upstream:remoteref) refs/heads/main refs/remotes/main [11ms]
[2022-06-18T09:36:13.410Z] > git for-each-ref --sort -committerdate --format %(refname) %(objectname) %(*objectname) [33ms]
[2022-06-18T09:36:13.415Z] > git remote --verbose [7ms]
[2022-06-18T09:36:13.471Z] > git config --get commit.template [7ms]
[2022-06-18T09:36:29.606Z] > git status -z -uall [384ms]
[2022-06-18T09:36:29.646Z] > git symbolic-ref --short HEAD [8ms]
[2022-06-18T09:36:29.692Z] > git for-each-ref --format=%(refname)%00%(upstream:short)%00%(objectname)%00%(upstream:track)%00%(upstream:remotename)%00%(upstream:remoteref) refs/heads/main refs/remotes/main [15ms]
[2022-06-18T09:36:29.767Z] > git for-each-ref --sort -committerdate --format %(refname) %(objectname) %(*objectname) [41ms]
[2022-06-18T09:36:29.771Z] > git remote --verbose [6ms]
[2022-06-18T09:36:29.833Z] > git config --get commit.template [7ms]
[2022-06-18T09:36:32.615Z] > git show --textconv :project.cpp [33ms]
[2022-06-18T09:36:32.620Z] > git ls-files --stage -- /home/peijen/project.cpp [7ms]
[2022-06-18T09:36:32.656Z] > git cat-file -s ba0db803765cca6bb9e19784d256e1cf092ef1c6 [8ms]
[2022-06-18T09:36:35.211Z] > git status -z -uall [347ms]
[2022-06-18T09:36:35.245Z] > git symbolic-ref --short HEAD [7ms]
[2022-06-18T09:36:35.283Z] > git for-each-ref --format=%(refname)%00%(upstream:short)%00%(objectname)%00%(upstream:track)%00%(upstream:remotename)%00%(upstream:remoteref) refs/heads/main refs/remotes/main [11ms]
[2022-06-18T09:36:35.344Z] > git for-each-ref --sort -committerdate --format %(refname) %(objectname) %(*objectname) [33ms]
[2022-06-18T09:36:35.349Z] > git remote --verbose [7ms]
[2022-06-18T09:36:35.404Z] > git config --get commit.template [6ms]
[2022-06-18T09:36:40.785Z] > git status -z -uall [350ms]
[2022-06-18T09:36:40.821Z] > git symbolic-ref --short HEAD [8ms]
[2022-06-18T09:36:40.861Z] > git for-each-ref --format=%(refname)%00%(upstream:short)%00%(objectname)%00%(upstream:track)%00%(upstream:remotename)%00%(upstream:remoteref) refs/heads/main refs/remotes/main [12ms]
[2022-06-18T09:36:40.922Z] > git for-each-ref --sort -committerdate --format %(refname) %(objectname) %(*objectname) [33ms]
[2022-06-18T09:36:40.928Z] > git remote --verbose [7ms]
[2022-06-18T09:36:40.987Z] > git config --get commit.template [13ms]
[2022-06-18T09:36:46.367Z] > git status -z -uall [348ms]
[2022-06-18T09:36:46.406Z] > git symbolic-ref --short HEAD [9ms]
[2022-06-18T09:36:46.446Z] > git for-each-ref --format=%(refname)%00%(upstream:short)%00%(objectname)%00%(upstream:track)%00%(upstream:remotename)%00%(upstream:remoteref) refs/heads/main refs/remotes/main [11ms]
[2022-06-18T09:36:46.507Z] > git for-each-ref --sort -committerdate --format %(refname) %(objectname) %(*objectname) [34ms]
[2022-06-18T09:36:46.510Z] > git remote --verbose [6ms]
[2022-06-18T09:36:46.560Z] > git config --get commit.template [5ms]
[2022-06-18T09:36:51.940Z] > git status -z -uall [345ms]
[2022-06-18T09:36:51.976Z] > git symbolic-ref --short HEAD [7ms]
[2022-06-18T09:36:52.015Z] > git for-each-ref --format=%(refname)%00%(upstream:short)%00%(objectname)%00%(upstream:track)%00%(upstream:remotename)%00%(upstream:remoteref) refs/heads/main refs/remotes/main [11ms]
[2022-06-18T09:36:52.075Z] > git for-each-ref --sort -committerdate --format %(refname) %(objectname) %(*objectname) [33ms]
[2022-06-18T09:36:52.080Z] > git remote --verbose [7ms]
[2022-06-18T09:36:52.130Z] > git config --get commit.template [7ms]
