[2022-06-18 17:33:56.002] [exthost] [info] Extension host with pid 457 started
[2022-06-18 17:33:56.013] [exthost] [info] Lock '/home/peijen/.vscode-server/data/User/workspaceStorage/b10946587be98ee2eeb82157bdf97e00/vscode.lock': Lock acquired.
[2022-06-18 17:33:56.052] [exthost] [info] ExtensionService#_doActivateExtension vscode.debug-auto-launch, startup: true, activationEvent: '*'
[2022-06-18 17:33:56.062] [exthost] [info] ExtensionService#_doActivateExtension vscode.git-base, startup: true, activationEvent: '*', root cause: vscode.git
[2022-06-18 17:33:56.068] [exthost] [info] ExtensionService#_doActivateExtension vscode.ipynb, startup: true, activationEvent: '*'
[2022-06-18 17:33:56.141] [exthost] [info] ExtensionService#_doActivateExtension vscode.git, startup: true, activationEvent: '*'
[2022-06-18 17:33:56.287] [exthost] [info] ExtensionService#_doActivateExtension vscode.github, startup: true, activationEvent: '*'
[2022-06-18 17:33:56.497] [exthost] [info] ExtensionService#_doActivateExtension vscode.emmet, startup: false, activationEvent: 'onStartupFinished'
[2022-06-18 17:33:56.512] [exthost] [info] ExtensionService#_doActivateExtension vscode.merge-conflict, startup: false, activationEvent: 'onStartupFinished'
[2022-06-18 17:33:56.516] [exthost] [info] Eager extensions activated
[2022-06-18 17:33:57.274] [exthost] [warning] [Decorations] CAPPING events from decorations provider vscode.git 1817
[2022-06-18 17:33:59.589] [exthost] [warning] [Decorations] CAPPING events from decorations provider vscode.git 1817
[2022-06-18 17:34:05.146] [exthost] [warning] [Decorations] CAPPING events from decorations provider vscode.git 1817
[2022-06-18 17:34:10.719] [exthost] [warning] [Decorations] CAPPING events from decorations provider vscode.git 1818
[2022-06-18 17:34:16.304] [exthost] [warning] [Decorations] CAPPING events from decorations provider vscode.git 1820
[2022-06-18 17:34:21.892] [exthost] [warning] [Decorations] CAPPING events from decorations provider vscode.git 1820
[2022-06-18 17:34:27.460] [exthost] [warning] [Decorations] CAPPING events from decorations provider vscode.git 1820
[2022-06-18 17:34:33.037] [exthost] [warning] [Decorations] CAPPING events from decorations provider vscode.git 1820
[2022-06-18 17:34:38.598] [exthost] [warning] [Decorations] CAPPING events from decorations provider vscode.git 1820
[2022-06-18 17:34:44.157] [exthost] [warning] [Decorations] CAPPING events from decorations provider vscode.git 1820
[2022-06-18 17:34:49.742] [exthost] [warning] [Decorations] CAPPING events from decorations provider vscode.git 1820
[2022-06-18 17:34:55.330] [exthost] [warning] [Decorations] CAPPING events from decorations provider vscode.git 1820
[2022-06-18 17:35:00.887] [exthost] [warning] [Decorations] CAPPING events from decorations provider vscode.git 1820
[2022-06-18 17:35:06.443] [exthost] [warning] [Decorations] CAPPING events from decorations provider vscode.git 1820
[2022-06-18 17:35:12.007] [exthost] [warning] [Decorations] CAPPING events from decorations provider vscode.git 1820
[2022-06-18 17:35:17.589] [exthost] [warning] [Decorations] CAPPING events from decorations provider vscode.git 1820
[2022-06-18 17:35:23.185] [exthost] [warning] [Decorations] CAPPING events from decorations provider vscode.git 1820
[2022-06-18 17:35:28.743] [exthost] [warning] [Decorations] CAPPING events from decorations provider vscode.git 1820
[2022-06-18 17:36:13.427] [exthost] [warning] [Decorations] CAPPING events from decorations provider vscode.git 1819
[2022-06-18 17:36:29.794] [exthost] [warning] [Decorations] CAPPING events from decorations provider vscode.git 1819
[2022-06-18 17:36:35.363] [exthost] [warning] [Decorations] CAPPING events from decorations provider vscode.git 1819
[2022-06-18 17:36:40.941] [exthost] [warning] [Decorations] CAPPING events from decorations provider vscode.git 1819
[2022-06-18 17:36:46.525] [exthost] [warning] [Decorations] CAPPING events from decorations provider vscode.git 1819
[2022-06-18 17:36:52.092] [exthost] [warning] [Decorations] CAPPING events from decorations provider vscode.git 1819
[2022-06-18 17:36:52.669] [exthost] [info] Extension host terminating: received terminate message from renderer
[2022-06-18 17:36:52.671] [exthost] [info] Lock '/home/peijen/.vscode-server/data/User/workspaceStorage/b10946587be98ee2eeb82157bdf97e00/vscode.lock': Marking the lockfile as scheduled to be released in 6000 ms.
[2022-06-18 17:36:52.716] [exthost] [info] Extension host with pid 457 exiting with code 0
