[2022-06-18T09:33:16.864Z] Log level: Info
[2022-06-18T09:33:16.865Z] [info] Validating found git in: git
[2022-06-18T09:33:16.928Z] [info] Using git 2.25.1 from git
[2022-06-18T09:33:16.971Z] > git rev-parse --show-toplevel [9ms]
[2022-06-18T09:33:16.971Z] fatal: not a git repository (or any of the parent directories): .git
[2022-06-18T09:33:17.023Z] > git rev-parse --show-toplevel [19ms]
[2022-06-18T09:33:17.058Z] > git rev-parse --git-dir --git-common-dir [5ms]
[2022-06-18T09:33:17.064Z] [info] Open repository: /home/peijen
[2022-06-18T09:33:17.458Z] > git status -z -uall [366ms]
[2022-06-18T09:33:17.492Z] > git symbolic-ref --short HEAD [7ms]
[2022-06-18T09:33:17.531Z] > git for-each-ref --format=%(refname)%00%(upstream:short)%00%(objectname)%00%(upstream:track)%00%(upstream:remotename)%00%(upstream:remoteref) refs/heads/main refs/remotes/main [12ms]
[2022-06-18T09:33:17.595Z] > git for-each-ref --sort -committerdate --format %(refname) %(objectname) %(*objectname) [35ms]
[2022-06-18T09:33:17.599Z] > git remote --verbose [7ms]
[2022-06-18T09:33:18.053Z] > git check-ignore -v -z --stdin [379ms]
[2022-06-18T09:33:18.053Z] > git config --get commit.template [347ms]
[2022-06-18T09:33:18.591Z] > git check-ignore -v -z --stdin [7ms]
[2022-06-18T09:33:19.930Z] > git check-ignore -v -z --stdin [7ms]
[2022-06-18T09:33:22.494Z] > git status -z -uall [337ms]
[2022-06-18T09:33:22.528Z] > git symbolic-ref --short HEAD [7ms]
[2022-06-18T09:33:22.566Z] > git for-each-ref --format=%(refname)%00%(upstream:short)%00%(objectname)%00%(upstream:track)%00%(upstream:remotename)%00%(upstream:remoteref) refs/heads/main refs/remotes/main [12ms]
[2022-06-18T09:33:22.625Z] > git for-each-ref --sort -committerdate --format %(refname) %(objectname) %(*objectname) [32ms]
[2022-06-18T09:33:22.630Z] > git remote --verbose [7ms]
[2022-06-18T09:33:22.689Z] > git config --get commit.template [6ms]
[2022-06-18T09:33:28.076Z] > git status -z -uall [356ms]
[2022-06-18T09:33:28.113Z] > git symbolic-ref --short HEAD [8ms]
[2022-06-18T09:33:28.155Z] > git for-each-ref --format=%(refname)%00%(upstream:short)%00%(objectname)%00%(upstream:track)%00%(upstream:remotename)%00%(upstream:remoteref) refs/heads/main refs/remotes/main [11ms]
[2022-06-18T09:33:28.219Z] > git for-each-ref --sort -committerdate --format %(refname) %(objectname) %(*objectname) [35ms]
[2022-06-18T09:33:28.224Z] > git remote --verbose [6ms]
[2022-06-18T09:33:28.282Z] > git config --get commit.template [10ms]
[2022-06-18T09:33:29.390Z] > git show --textconv :README.md [58ms]
[2022-06-18T09:33:29.390Z] > git ls-files --stage -- /home/peijen/README.md [22ms]
[2022-06-18T09:33:29.432Z] > git cat-file -s 520ef0bc7620824f39e33ca31afffed6c2f87e00 [9ms]
[2022-06-18T09:33:33.681Z] > git status -z -uall [343ms]
[2022-06-18T09:33:33.718Z] > git symbolic-ref --short HEAD [7ms]
[2022-06-18T09:33:33.759Z] > git for-each-ref --format=%(refname)%00%(upstream:short)%00%(objectname)%00%(upstream:track)%00%(upstream:remotename)%00%(upstream:remoteref) refs/heads/main refs/remotes/main [11ms]
[2022-06-18T09:33:33.823Z] > git for-each-ref --sort -committerdate --format %(refname) %(objectname) %(*objectname) [33ms]
[2022-06-18T09:33:33.827Z] > git remote --verbose [6ms]
[2022-06-18T09:33:33.892Z] > git config --get commit.template [6ms]
[2022-06-18T09:33:39.281Z] > git status -z -uall [355ms]
[2022-06-18T09:33:39.319Z] > git symbolic-ref --short HEAD [7ms]
[2022-06-18T09:33:39.371Z] > git for-each-ref --format=%(refname)%00%(upstream:short)%00%(objectname)%00%(upstream:track)%00%(upstream:remotename)%00%(upstream:remoteref) refs/heads/main refs/remotes/main [12ms]
[2022-06-18T09:33:39.436Z] > git for-each-ref --sort -committerdate --format %(refname) %(objectname) %(*objectname) [34ms]
[2022-06-18T09:33:39.441Z] > git remote --verbose [7ms]
[2022-06-18T09:33:39.499Z] > git config --get commit.template [6ms]
[2022-06-18T09:33:44.874Z] > git status -z -uall [341ms]
[2022-06-18T09:33:44.911Z] > git symbolic-ref --short HEAD [8ms]
[2022-06-18T09:33:44.951Z] > git for-each-ref --format=%(refname)%00%(upstream:short)%00%(objectname)%00%(upstream:track)%00%(upstream:remotename)%00%(upstream:remoteref) refs/heads/main refs/remotes/main [11ms]
[2022-06-18T09:33:45.014Z] > git for-each-ref --sort -committerdate --format %(refname) %(objectname) %(*objectname) [34ms]
[2022-06-18T09:33:45.018Z] > git remote --verbose [6ms]
[2022-06-18T09:33:45.071Z] > git config --get commit.template [6ms]
[2022-06-18T09:33:50.449Z] > git status -z -uall [343ms]
[2022-06-18T09:33:50.489Z] > git symbolic-ref --short HEAD [8ms]
[2022-06-18T09:33:50.531Z] > git for-each-ref --format=%(refname)%00%(upstream:short)%00%(objectname)%00%(upstream:track)%00%(upstream:remotename)%00%(upstream:remoteref) refs/heads/main refs/remotes/main [11ms]
[2022-06-18T09:33:50.598Z] > git for-each-ref --sort -committerdate --format %(refname) %(objectname) %(*objectname) [36ms]
[2022-06-18T09:33:50.602Z] > git remote --verbose [6ms]
[2022-06-18T09:33:50.659Z] > git config --get commit.template [6ms]
