[2022-06-18T09:40:45.621Z] Log level: Info
[2022-06-18T09:40:45.629Z] [info] Validating found git in: git
[2022-06-18T09:40:45.746Z] [info] Using git 2.25.1 from git
[2022-06-18T09:40:45.883Z] > git rev-parse --show-toplevel [63ms]
[2022-06-18T09:40:45.995Z] > git rev-parse --git-dir --git-common-dir [52ms]
[2022-06-18T09:40:46.002Z] [info] Open repository: /home/peijen
[2022-06-18T09:40:46.382Z] > git show --textconv :project.cpp [38ms]
[2022-06-18T09:40:46.385Z] > git ls-files --stage -- /home/peijen/project.cpp [8ms]
[2022-06-18T09:40:46.422Z] > git cat-file -s ba0db803765cca6bb9e19784d256e1cf092ef1c6 [8ms]
[2022-06-18T09:40:46.495Z] > git status -z -uall [447ms]
[2022-06-18T09:40:46.529Z] > git symbolic-ref --short HEAD [9ms]
[2022-06-18T09:40:46.567Z] > git for-each-ref --format=%(refname)%00%(upstream:short)%00%(objectname)%00%(upstream:track)%00%(upstream:remotename)%00%(upstream:remoteref) refs/heads/main refs/remotes/main [12ms]
[2022-06-18T09:40:46.658Z] > git remote --verbose [34ms]
[2022-06-18T09:40:46.658Z] > git for-each-ref --sort -committerdate --format %(refname) %(objectname) %(*objectname) [65ms]
[2022-06-18T09:40:46.692Z] > git check-ignore -v -z --stdin [39ms]
[2022-06-18T09:40:46.743Z] > git config --get commit.template [16ms]
[2022-06-18T09:40:49.706Z] > git status -z -uall [346ms]
[2022-06-18T09:40:49.739Z] > git symbolic-ref --short HEAD [7ms]
[2022-06-18T09:40:49.778Z] > git for-each-ref --format=%(refname)%00%(upstream:short)%00%(objectname)%00%(upstream:track)%00%(upstream:remotename)%00%(upstream:remoteref) refs/heads/main refs/remotes/main [13ms]
[2022-06-18T09:40:49.839Z] > git for-each-ref --sort -committerdate --format %(refname) %(objectname) %(*objectname) [33ms]
[2022-06-18T09:40:49.844Z] > git remote --verbose [6ms]
[2022-06-18T09:40:49.906Z] > git config --get commit.template [6ms]
[2022-06-18T09:40:55.302Z] > git status -z -uall [363ms]
[2022-06-18T09:40:55.338Z] > git symbolic-ref --short HEAD [7ms]
[2022-06-18T09:40:55.376Z] > git for-each-ref --format=%(refname)%00%(upstream:short)%00%(objectname)%00%(upstream:track)%00%(upstream:remotename)%00%(upstream:remoteref) refs/heads/main refs/remotes/main [9ms]
[2022-06-18T09:40:55.437Z] > git for-each-ref --sort -committerdate --format %(refname) %(objectname) %(*objectname) [33ms]
[2022-06-18T09:40:55.442Z] > git remote --verbose [6ms]
[2022-06-18T09:40:55.507Z] > git config --get commit.template [17ms]
[2022-06-18T09:41:00.885Z] > git status -z -uall [348ms]
[2022-06-18T09:41:00.921Z] > git symbolic-ref --short HEAD [7ms]
[2022-06-18T09:41:00.959Z] > git for-each-ref --format=%(refname)%00%(upstream:short)%00%(objectname)%00%(upstream:track)%00%(upstream:remotename)%00%(upstream:remoteref) refs/heads/main refs/remotes/main [10ms]
[2022-06-18T09:41:01.021Z] > git for-each-ref --sort -committerdate --format %(refname) %(objectname) %(*objectname) [33ms]
[2022-06-18T09:41:01.026Z] > git remote --verbose [7ms]
[2022-06-18T09:41:01.077Z] > git config --get commit.template [6ms]
[2022-06-18T09:41:01.618Z] > git ls-files --stage -- /home/peijen/project.cpp [6ms]
[2022-06-18T09:41:01.656Z] > git cat-file -s ba0db803765cca6bb9e19784d256e1cf092ef1c6 [9ms]
[2022-06-18T09:41:01.702Z] > git show --textconv :project.cpp [11ms]
[2022-06-18T09:41:06.449Z] > git status -z -uall [342ms]
[2022-06-18T09:41:06.485Z] > git symbolic-ref --short HEAD [8ms]
[2022-06-18T09:41:06.524Z] > git for-each-ref --format=%(refname)%00%(upstream:short)%00%(objectname)%00%(upstream:track)%00%(upstream:remotename)%00%(upstream:remoteref) refs/heads/main refs/remotes/main [12ms]
[2022-06-18T09:41:06.585Z] > git for-each-ref --sort -committerdate --format %(refname) %(objectname) %(*objectname) [33ms]
[2022-06-18T09:41:06.590Z] > git remote --verbose [6ms]
[2022-06-18T09:41:06.641Z] > git config --get commit.template [6ms]
[2022-06-18T09:41:12.026Z] > git status -z -uall [350ms]
[2022-06-18T09:41:12.063Z] > git symbolic-ref --short HEAD [8ms]
[2022-06-18T09:41:12.104Z] > git for-each-ref --format=%(refname)%00%(upstream:short)%00%(objectname)%00%(upstream:track)%00%(upstream:remotename)%00%(upstream:remoteref) refs/heads/main refs/remotes/main [12ms]
[2022-06-18T09:41:12.170Z] > git for-each-ref --sort -committerdate --format %(refname) %(objectname) %(*objectname) [33ms]
[2022-06-18T09:41:12.175Z] > git remote --verbose [6ms]
[2022-06-18T09:41:12.232Z] > git config --get commit.template [6ms]
[2022-06-18T09:41:17.608Z] > git status -z -uall [342ms]
[2022-06-18T09:41:17.645Z] > git symbolic-ref --short HEAD [8ms]
[2022-06-18T09:41:17.686Z] > git for-each-ref --format=%(refname)%00%(upstream:short)%00%(objectname)%00%(upstream:track)%00%(upstream:remotename)%00%(upstream:remoteref) refs/heads/main refs/remotes/main [12ms]
[2022-06-18T09:41:17.748Z] > git for-each-ref --sort -committerdate --format %(refname) %(objectname) %(*objectname) [33ms]
[2022-06-18T09:41:17.753Z] > git remote --verbose [6ms]
[2022-06-18T09:41:17.810Z] > git config --get commit.template [12ms]
[2022-06-18T09:41:23.264Z] > git status -z -uall [404ms]
[2022-06-18T09:41:23.303Z] > git symbolic-ref --short HEAD [8ms]
[2022-06-18T09:41:23.343Z] > git for-each-ref --format=%(refname)%00%(upstream:short)%00%(objectname)%00%(upstream:track)%00%(upstream:remotename)%00%(upstream:remoteref) refs/heads/main refs/remotes/main [9ms]
[2022-06-18T09:41:23.412Z] > git for-each-ref --sort -committerdate --format %(refname) %(objectname) %(*objectname) [37ms]
[2022-06-18T09:41:23.417Z] > git remote --verbose [7ms]
[2022-06-18T09:41:23.470Z] > git config --get commit.template [6ms]
