[2022-06-18T09:37:29.744Z] Log level: Info
[2022-06-18T09:37:29.746Z] [info] Validating found git in: git
[2022-06-18T09:37:29.851Z] [info] Using git 2.25.1 from git
[2022-06-18T09:37:29.982Z] > git rev-parse --show-toplevel [69ms]
[2022-06-18T09:37:30.097Z] > git rev-parse --git-dir --git-common-dir [73ms]
[2022-06-18T09:37:30.110Z] [info] Open repository: /home/peijen
[2022-06-18T09:37:30.562Z] > git show --textconv :project.cpp [36ms]
[2022-06-18T09:37:30.567Z] > git ls-files --stage -- /home/peijen/project.cpp [6ms]
[2022-06-18T09:37:30.603Z] > git cat-file -s ba0db803765cca6bb9e19784d256e1cf092ef1c6 [7ms]
[2022-06-18T09:37:30.674Z] > git status -z -uall [509ms]
[2022-06-18T09:37:30.704Z] > git symbolic-ref --short HEAD [6ms]
[2022-06-18T09:37:30.766Z] > git for-each-ref --format=%(refname)%00%(upstream:short)%00%(objectname)%00%(upstream:track)%00%(upstream:remotename)%00%(upstream:remoteref) refs/heads/main refs/remotes/main [34ms]
[2022-06-18T09:37:30.834Z] > git check-ignore -v -z --stdin [68ms]
[2022-06-18T09:37:30.835Z] > git for-each-ref --sort -committerdate --format %(refname) %(objectname) %(*objectname) [40ms]
[2022-06-18T09:37:30.837Z] > git remote --verbose [11ms]
[2022-06-18T09:37:30.927Z] > git config --get commit.template [9ms]
[2022-06-18T09:37:34.724Z] > git status -z -uall [339ms]
[2022-06-18T09:37:34.758Z] > git symbolic-ref --short HEAD [7ms]
[2022-06-18T09:37:34.796Z] > git for-each-ref --format=%(refname)%00%(upstream:short)%00%(objectname)%00%(upstream:track)%00%(upstream:remotename)%00%(upstream:remoteref) refs/heads/main refs/remotes/main [11ms]
[2022-06-18T09:37:34.854Z] > git for-each-ref --sort -committerdate --format %(refname) %(objectname) %(*objectname) [32ms]
[2022-06-18T09:37:34.858Z] > git remote --verbose [5ms]
[2022-06-18T09:37:34.916Z] > git config --get commit.template [5ms]
[2022-06-18T09:39:43.734Z] > git status -z -uall [402ms]
[2022-06-18T09:39:43.772Z] > git symbolic-ref --short HEAD [10ms]
[2022-06-18T09:39:43.815Z] > git for-each-ref --format=%(refname)%00%(upstream:short)%00%(objectname)%00%(upstream:track)%00%(upstream:remotename)%00%(upstream:remoteref) refs/heads/main refs/remotes/main [12ms]
[2022-06-18T09:39:43.883Z] > git for-each-ref --sort -committerdate --format %(refname) %(objectname) %(*objectname) [39ms]
[2022-06-18T09:39:43.889Z] > git remote --verbose [10ms]
[2022-06-18T09:39:43.962Z] > git config --get commit.template [6ms]
